[2025-05-20T17:39:48.011+0000] {taskinstance.py:1157} INFO - Dependencies all met for dep_context=non-requeueable deps ti=<TaskInstance: kill_running_scripts.check_spark_log_errors manual__2025-05-20T17:39:46.702916+00:00 [queued]>
[2025-05-20T17:39:48.021+0000] {taskinstance.py:1157} INFO - Dependencies all met for dep_context=requeueable deps ti=<TaskInstance: kill_running_scripts.check_spark_log_errors manual__2025-05-20T17:39:46.702916+00:00 [queued]>
[2025-05-20T17:39:48.022+0000] {taskinstance.py:1359} INFO - Starting attempt 1 of 2
[2025-05-20T17:39:48.041+0000] {taskinstance.py:1380} INFO - Executing <Task(BashOperator): check_spark_log_errors> on 2025-05-20 17:39:46.702916+00:00
[2025-05-20T17:39:48.048+0000] {standard_task_runner.py:57} INFO - Started process 683 to run task
[2025-05-20T17:39:48.052+0000] {standard_task_runner.py:84} INFO - Running: ['***', 'tasks', 'run', 'kill_running_scripts', 'check_spark_log_errors', 'manual__2025-05-20T17:39:46.702916+00:00', '--job-id', '62', '--raw', '--subdir', 'DAGS_FOLDER/stoper_streaming.py', '--cfg-path', '/tmp/tmpptxxp5b8']
[2025-05-20T17:39:48.058+0000] {standard_task_runner.py:85} INFO - Job 62: Subtask check_spark_log_errors
[2025-05-20T17:39:48.145+0000] {task_command.py:415} INFO - Running <TaskInstance: kill_running_scripts.check_spark_log_errors manual__2025-05-20T17:39:46.702916+00:00 [running]> on host 6bb1f84c11d3
[2025-05-20T17:39:48.334+0000] {taskinstance.py:1660} INFO - Exporting env vars: AIRFLOW_CTX_DAG_OWNER='***' AIRFLOW_CTX_DAG_ID='kill_running_scripts' AIRFLOW_CTX_TASK_ID='check_spark_log_errors' AIRFLOW_CTX_EXECUTION_DATE='2025-05-20T17:39:46.702916+00:00' AIRFLOW_CTX_TRY_NUMBER='1' AIRFLOW_CTX_DAG_RUN_ID='manual__2025-05-20T17:39:46.702916+00:00'
[2025-05-20T17:39:48.338+0000] {subprocess.py:63} INFO - Tmp dir root location: /tmp
[2025-05-20T17:39:48.340+0000] {subprocess.py:75} INFO - Running command: ['/bin/bash', '-c', '\n        docker exec gold_price_project-spark-1 bash -c \'\n            LOG_FILE="/scripts/logs/spark.log"\n            if grep -i "error" "$LOG_FILE"; then\n                echo "âŒ Erreur dÃ©tectÃ©e, envoi Ã  Discord..."\n                grep -i -B 20 -A 20 "error" "$LOG_FILE" > /tmp/spark_error_excerpt.log\n\n                ESCAPED=$(sed \'s/\\\\/\\\\\\\\/g; s/"/\\"/g\' /tmp/spark_error_excerpt.log | head -c 1900)\n\n                curl -X POST -H "Content-Type: application/json"                 -d "{"content": "ðŸš¨ Erreur dÃ©tectÃ©e dans spark.log Ã  00:00 :\\n\\n$ESCAPED"}"                 https://discord.com/api/webhooks/1374382502981931008/BRaqnl_BHNxEep-dItvMinlhhcd9Tk5-sj3RbKdG3qDzLjwfYGRze8IZTxRoaiQj0DE2\n            else\n                echo "âœ… Aucun problÃ¨me dÃ©tectÃ© dans spark.log"\n            fi\n\n            echo "" > "$LOG_FILE"\n        \'\n    ']
[2025-05-20T17:39:48.362+0000] {subprocess.py:86} INFO - Output:
[2025-05-20T17:39:48.368+0000] {subprocess.py:93} INFO - /bin/bash: -c: line 15: unexpected EOF while looking for matching `"'
[2025-05-20T17:39:48.369+0000] {subprocess.py:93} INFO - /bin/bash: -c: line 18: syntax error: unexpected end of file
[2025-05-20T17:39:48.370+0000] {subprocess.py:97} INFO - Command exited with return code 2
[2025-05-20T17:39:48.390+0000] {taskinstance.py:1935} ERROR - Task failed with exception
Traceback (most recent call last):
  File "/home/airflow/.local/lib/python3.8/site-packages/airflow/operators/bash.py", line 210, in execute
    raise AirflowException(
airflow.exceptions.AirflowException: Bash command failed. The command returned a non-zero exit code 2.
[2025-05-20T17:39:48.459+0000] {taskinstance.py:1398} INFO - Marking task as UP_FOR_RETRY. dag_id=kill_running_scripts, task_id=check_spark_log_errors, execution_date=20250520T173946, start_date=20250520T173948, end_date=20250520T173948
[2025-05-20T17:39:48.516+0000] {standard_task_runner.py:104} ERROR - Failed to execute job 62 for task check_spark_log_errors (Bash command failed. The command returned a non-zero exit code 2.; 683)
[2025-05-20T17:39:48.562+0000] {local_task_job_runner.py:228} INFO - Task exited with return code 1
[2025-05-20T17:39:48.610+0000] {taskinstance.py:2776} INFO - 0 downstream tasks scheduled from follow-on schedule check
